0 info it worked if it ends with ok
1 verbose cli [ '/usr/local/bin/node', '/usr/local/bin/npm', 'start' ]
2 info using npm@3.10.10
3 info using node@v6.9.4
4 verbose run-script [ 'prestart', 'start', 'poststart' ]
5 info lifecycle hello-jquery@0.0.1~prestart: hello-jquery@0.0.1
6 silly lifecycle hello-jquery@0.0.1~prestart: no script for prestart, continuing
7 info lifecycle hello-jquery@0.0.1~start: hello-jquery@0.0.1
8 verbose lifecycle hello-jquery@0.0.1~start: unsafe-perm in lifecycle true
9 verbose lifecycle hello-jquery@0.0.1~start: PATH: /usr/local/lib/node_modules/npm/bin/node-gyp-bin:/Users/spreston/workspaces/github/hello-examples/hello-jquery/node_modules/.bin:/usr/local/bin:/usr/bin:/bin:/usr/sbin:/sbin:/opt/X11/bin:/usr/local/go/bin:/usr/local/mongodb/bin:/Users/spreston/development/apache-ant-1.9.4/bin:/usr/local/bin/bin:/Users/spreston/development/apache-maven-3.3.3/bin:/Users/spreston/development/groovy-2.4.8/bin:/usr/local/ec2/ec2-api-tools-1.7.5.0/bin:/usr/local/go/bin:/Users/spreston/development/gradle-2.13/bin:/Users/spreston/development/jruby-9.1.5.0/bin:/Users/spreston/bin
10 verbose lifecycle hello-jquery@0.0.1~start: CWD: /Users/spreston/workspaces/github/hello-examples/hello-jquery
11 silly lifecycle hello-jquery@0.0.1~start: Args: [ '-c', 'http-server -o -p 5000' ]
12 silly lifecycle hello-jquery@0.0.1~start: Returned: code: 1  signal: null
13 info lifecycle hello-jquery@0.0.1~start: Failed to exec start script
14 verbose stack Error: hello-jquery@0.0.1 start: `http-server -o -p 5000`
14 verbose stack Exit status 1
14 verbose stack     at EventEmitter.<anonymous> (/usr/local/lib/node_modules/npm/lib/utils/lifecycle.js:255:16)
14 verbose stack     at emitTwo (events.js:106:13)
14 verbose stack     at EventEmitter.emit (events.js:191:7)
14 verbose stack     at ChildProcess.<anonymous> (/usr/local/lib/node_modules/npm/lib/utils/spawn.js:40:14)
14 verbose stack     at emitTwo (events.js:106:13)
14 verbose stack     at ChildProcess.emit (events.js:191:7)
14 verbose stack     at maybeClose (internal/child_process.js:877:16)
14 verbose stack     at Process.ChildProcess._handle.onexit (internal/child_process.js:226:5)
15 verbose pkgid hello-jquery@0.0.1
16 verbose cwd /Users/spreston/workspaces/github/hello-examples/hello-jquery
17 error Darwin 15.6.0
18 error argv "/usr/local/bin/node" "/usr/local/bin/npm" "start"
19 error node v6.9.4
20 error npm  v3.10.10
21 error code ELIFECYCLE
22 error hello-jquery@0.0.1 start: `http-server -o -p 5000`
22 error Exit status 1
23 error Failed at the hello-jquery@0.0.1 start script 'http-server -o -p 5000'.
23 error Make sure you have the latest version of node.js and npm installed.
23 error If you do, this is most likely a problem with the hello-jquery package,
23 error not with npm itself.
23 error Tell the author that this fails on your system:
23 error     http-server -o -p 5000
23 error You can get information on how to open an issue for this project with:
23 error     npm bugs hello-jquery
23 error Or if that isn't available, you can get their info via:
23 error     npm owner ls hello-jquery
23 error There is likely additional logging output above.
24 verbose exit [ 1, true ]
